{"/Users/teco/Desktop/CODING/Projects/sharingan/packages/domain/src/folders/folder.service.ts": {"path":"/Users/teco/Desktop/CODING/Projects/sharingan/packages/domain/src/folders/folder.service.ts","statementMap":{"0":{"start":{"line":2,"column":0},"end":{"line":2,"column":58}},"1":{"start":{"line":6,"column":0},"end":{"line":6,"column":78}},"2":{"start":{"line":8,"column":0},"end":{"line":8,"column":null}},"3":{"start":{"line":9,"column":22},"end":{"line":9,"column":65}},"4":{"start":{"line":11,"column":8},"end":{"line":13,"column":null}},"5":{"start":{"line":12,"column":4},"end":{"line":12,"column":55}},"6":{"start":{"line":15,"column":8},"end":{"line":27,"column":null}},"7":{"start":{"line":16,"column":26},"end":{"line":20,"column":null}},"8":{"start":{"line":16,"column":10},"end":{"line":20,"column":null}},"9":{"start":{"line":22,"column":4},"end":{"line":24,"column":null}},"10":{"start":{"line":23,"column":6},"end":{"line":23,"column":106}},"11":{"start":{"line":26,"column":4},"end":{"line":26,"column":68}},"12":{"start":{"line":29,"column":8},"end":{"line":31,"column":null}},"13":{"start":{"line":30,"column":4},"end":{"line":30,"column":52}},"14":{"start":{"line":33,"column":8},"end":{"line":35,"column":null}},"15":{"start":{"line":34,"column":4},"end":{"line":34,"column":46}},"16":{"start":{"line":37,"column":8},"end":{"line":43,"column":null}},"17":{"start":{"line":38,"column":20},"end":{"line":38,"column":null}},"18":{"start":{"line":38,"column":10},"end":{"line":38,"column":null}},"19":{"start":{"line":40,"column":10},"end":{"line":40,"column":74}},"20":{"start":{"line":40,"column":48},"end":{"line":40,"column":73}},"21":{"start":{"line":42,"column":4},"end":{"line":42,"column":30}},"22":{"start":{"line":45,"column":8},"end":{"line":57,"column":null}},"23":{"start":{"line":46,"column":4},"end":{"line":48,"column":null}},"24":{"start":{"line":47,"column":6},"end":{"line":47,"column":68}},"25":{"start":{"line":50,"column":23},"end":{"line":50,"column":null}},"26":{"start":{"line":50,"column":10},"end":{"line":50,"column":null}},"27":{"start":{"line":52,"column":4},"end":{"line":54,"column":null}},"28":{"start":{"line":53,"column":6},"end":{"line":53,"column":16}},"29":{"start":{"line":56,"column":4},"end":{"line":56,"column":71}},"30":{"start":{"line":59,"column":8},"end":{"line":73,"column":null}},"31":{"start":{"line":60,"column":28},"end":{"line":60,"column":null}},"32":{"start":{"line":60,"column":10},"end":{"line":60,"column":null}},"33":{"start":{"line":62,"column":4},"end":{"line":64,"column":null}},"34":{"start":{"line":63,"column":6},"end":{"line":63,"column":98}},"35":{"start":{"line":66,"column":4},"end":{"line":68,"column":null}},"36":{"start":{"line":67,"column":6},"end":{"line":67,"column":90}},"37":{"start":{"line":72,"column":4},"end":{"line":72,"column":55}},"38":{"start":{"line":75,"column":16},"end":{"line":83,"column":null}},"39":{"start":{"line":80,"column":20},"end":{"line":80,"column":null}},"40":{"start":{"line":80,"column":10},"end":{"line":80,"column":null}},"41":{"start":{"line":82,"column":4},"end":{"line":82,"column":99}},"42":{"start":{"line":82,"column":36},"end":{"line":82,"column":98}},"43":{"start":{"line":84,"column":0},"end":{"line":84,"column":null}}},"fnMap":{"0":{"name":"(anonymous_0)","decl":{"start":{"line":8,"column":0},"end":{"line":8,"column":null}},"loc":{"start":{"line":8,"column":0},"end":{"line":84,"column":null}}},"1":{"name":"FolderService","decl":{"start":{"line":9,"column":2},"end":{"line":9,"column":22}},"loc":{"start":{"line":9,"column":65},"end":{"line":9,"column":69}}},"2":{"name":"(anonymous_2)","decl":{"start":{"line":11,"column":2},"end":{"line":11,"column":8}},"loc":{"start":{"line":11,"column":57},"end":{"line":13,"column":null}}},"3":{"name":"(anonymous_5)","decl":{"start":{"line":15,"column":2},"end":{"line":15,"column":8}},"loc":{"start":{"line":15,"column":47},"end":{"line":27,"column":null}}},"4":{"name":"(anonymous_8)","decl":{"start":{"line":29,"column":2},"end":{"line":29,"column":8}},"loc":{"start":{"line":29,"column":38},"end":{"line":31,"column":null}}},"5":{"name":"(anonymous_11)","decl":{"start":{"line":33,"column":2},"end":{"line":33,"column":8}},"loc":{"start":{"line":33,"column":27},"end":{"line":35,"column":null}}},"6":{"name":"(anonymous_14)","decl":{"start":{"line":37,"column":2},"end":{"line":37,"column":8}},"loc":{"start":{"line":37,"column":41},"end":{"line":43,"column":null}}},"7":{"name":"(anonymous_17)","decl":{"start":{"line":40,"column":36},"end":{"line":40,"column":37}},"loc":{"start":{"line":40,"column":43},"end":{"line":40,"column":54}}},"8":{"name":"(anonymous_18)","decl":{"start":{"line":45,"column":2},"end":{"line":45,"column":8}},"loc":{"start":{"line":45,"column":63},"end":{"line":57,"column":null}}},"9":{"name":"(anonymous_21)","decl":{"start":{"line":59,"column":2},"end":{"line":59,"column":8}},"loc":{"start":{"line":59,"column":54},"end":{"line":73,"column":null}}},"10":{"name":"(anonymous_24)","decl":{"start":{"line":75,"column":2},"end":{"line":75,"column":16}},"loc":{"start":{"line":78,"column":18},"end":{"line":83,"column":null}}},"11":{"name":"(anonymous_27)","decl":{"start":{"line":82,"column":24},"end":{"line":82,"column":25}},"loc":{"start":{"line":82,"column":31},"end":{"line":82,"column":42}}}},"branchMap":{"0":{"loc":{"start":{"line":12,"column":4},"end":{"line":12,"column":55}},"type":"switch","locations":[{"start":{"line":12,"column":4},"end":{"line":12,"column":55}}]},"1":{"loc":{"start":{"line":16,"column":26},"end":{"line":20,"column":null}},"type":"switch","locations":[{"start":{"line":16,"column":26},"end":{"line":20,"column":null}}]},"2":{"loc":{"start":{"line":22,"column":4},"end":{"line":24,"column":null}},"type":"if","locations":[{"start":{"line":22,"column":4},"end":{"line":24,"column":null}}]},"3":{"loc":{"start":{"line":38,"column":20},"end":{"line":38,"column":null}},"type":"switch","locations":[{"start":{"line":38,"column":20},"end":{"line":38,"column":null}}]},"4":{"loc":{"start":{"line":42,"column":11},"end":{"line":42,"column":29}},"type":"cond-expr","locations":[{"start":{"line":42,"column":11},"end":{"line":42,"column":21}},{"start":{"line":42,"column":25},"end":{"line":42,"column":29}}]},"5":{"loc":{"start":{"line":42,"column":11},"end":{"line":42,"column":25}},"type":"binary-expr","locations":[{"start":{"line":42,"column":11},"end":{"line":42,"column":25}},{"start":{"line":42,"column":11},"end":{"line":42,"column":25}}]},"6":{"loc":{"start":{"line":46,"column":4},"end":{"line":48,"column":null}},"type":"if","locations":[{"start":{"line":46,"column":4},"end":{"line":48,"column":null}}]},"7":{"loc":{"start":{"line":52,"column":4},"end":{"line":54,"column":null}},"type":"if","locations":[{"start":{"line":52,"column":4},"end":{"line":54,"column":null}}]},"8":{"loc":{"start":{"line":60,"column":28},"end":{"line":60,"column":null}},"type":"switch","locations":[{"start":{"line":60,"column":28},"end":{"line":60,"column":null}}]},"9":{"loc":{"start":{"line":62,"column":4},"end":{"line":64,"column":null}},"type":"if","locations":[{"start":{"line":62,"column":4},"end":{"line":64,"column":null}}]},"10":{"loc":{"start":{"line":66,"column":4},"end":{"line":68,"column":null}},"type":"if","locations":[{"start":{"line":66,"column":4},"end":{"line":68,"column":null}}]},"11":{"loc":{"start":{"line":80,"column":20},"end":{"line":80,"column":null}},"type":"switch","locations":[{"start":{"line":80,"column":20},"end":{"line":80,"column":null}}]}},"s":{"0":5,"1":5,"2":5,"3":5,"4":5,"5":0,"6":5,"7":0,"8":0,"9":0,"10":0,"11":0,"12":5,"13":0,"14":5,"15":0,"16":5,"17":0,"18":0,"19":0,"20":0,"21":0,"22":5,"23":0,"24":0,"25":0,"26":0,"27":0,"28":0,"29":0,"30":5,"31":0,"32":0,"33":0,"34":0,"35":0,"36":0,"37":0,"38":5,"39":0,"40":0,"41":0,"42":0,"43":5},"f":{"0":5,"1":5,"2":0,"3":0,"4":0,"5":0,"6":0,"7":0,"8":0,"9":0,"10":0,"11":0},"b":{"0":[0],"1":[0],"2":[0],"3":[0],"4":[0,0],"5":[0,0],"6":[0],"7":[0],"8":[0],"9":[0],"10":[0],"11":[0]}}
,"/Users/teco/Desktop/CODING/Projects/sharingan/packages/domain/src/folders/dtos/create-folder-dto.ts": {"path":"/Users/teco/Desktop/CODING/Projects/sharingan/packages/domain/src/folders/dtos/create-folder-dto.ts","statementMap":{"0":{"start":{"line":1,"column":0},"end":{"line":1,"column":51}},"1":{"start":{"line":9,"column":0},"end":{"line":9,"column":null}},"2":{"start":{"line":10,"column":22},"end":{"line":10,"column":35}},"3":{"start":{"line":12,"column":2},"end":{"line":14,"column":null}},"4":{"start":{"line":13,"column":4},"end":{"line":13,"column":28}},"5":{"start":{"line":16,"column":2},"end":{"line":18,"column":null}},"6":{"start":{"line":17,"column":4},"end":{"line":17,"column":32}},"7":{"start":{"line":20,"column":2},"end":{"line":22,"column":null}},"8":{"start":{"line":21,"column":4},"end":{"line":21,"column":30}},"9":{"start":{"line":24,"column":2},"end":{"line":34,"column":null}},"10":{"start":{"line":25,"column":4},"end":{"line":33,"column":6}},"11":{"start":{"line":35,"column":0},"end":{"line":35,"column":null}}},"fnMap":{"0":{"name":"(anonymous_0)","decl":{"start":{"line":9,"column":0},"end":{"line":9,"column":null}},"loc":{"start":{"line":9,"column":0},"end":{"line":35,"column":null}}},"1":{"name":"CreateFolderDto","decl":{"start":{"line":10,"column":2},"end":{"line":10,"column":22}},"loc":{"start":{"line":10,"column":35},"end":{"line":10,"column":39}}},"2":{"name":"(anonymous_2)","decl":{"start":{"line":12,"column":2},"end":{"line":12,"column":6}},"loc":{"start":{"line":12,"column":2},"end":{"line":14,"column":3}}},"3":{"name":"(anonymous_3)","decl":{"start":{"line":16,"column":2},"end":{"line":16,"column":6}},"loc":{"start":{"line":16,"column":2},"end":{"line":18,"column":3}}},"4":{"name":"(anonymous_4)","decl":{"start":{"line":20,"column":2},"end":{"line":20,"column":6}},"loc":{"start":{"line":20,"column":2},"end":{"line":22,"column":3}}},"5":{"name":"(anonymous_5)","decl":{"start":{"line":24,"column":2},"end":{"line":24,"column":10}},"loc":{"start":{"line":24,"column":2},"end":{"line":34,"column":3}}}},"branchMap":{},"s":{"0":5,"1":5,"2":1,"3":5,"4":0,"5":5,"6":0,"7":5,"8":0,"9":5,"10":1,"11":5},"f":{"0":5,"1":1,"2":0,"3":0,"4":0,"5":1},"b":{}}
,"/Users/teco/Desktop/CODING/Projects/sharingan/packages/domain/src/folders/dtos/create-user-root-folder-dto.ts": {"path":"/Users/teco/Desktop/CODING/Projects/sharingan/packages/domain/src/folders/dtos/create-user-root-folder-dto.ts","statementMap":{"0":{"start":{"line":1,"column":0},"end":{"line":1,"column":51}},"1":{"start":{"line":3,"column":0},"end":{"line":3,"column":null}},"2":{"start":{"line":4,"column":22},"end":{"line":4,"column":37}},"3":{"start":{"line":6,"column":2},"end":{"line":16,"column":null}},"4":{"start":{"line":7,"column":4},"end":{"line":15,"column":6}},"5":{"start":{"line":17,"column":0},"end":{"line":17,"column":null}}},"fnMap":{"0":{"name":"(anonymous_0)","decl":{"start":{"line":3,"column":0},"end":{"line":3,"column":null}},"loc":{"start":{"line":3,"column":0},"end":{"line":17,"column":null}}},"1":{"name":"CreateUserRootFolderDto","decl":{"start":{"line":4,"column":2},"end":{"line":4,"column":22}},"loc":{"start":{"line":4,"column":37},"end":{"line":4,"column":41}}},"2":{"name":"(anonymous_2)","decl":{"start":{"line":6,"column":2},"end":{"line":6,"column":10}},"loc":{"start":{"line":6,"column":2},"end":{"line":16,"column":3}}}},"branchMap":{},"s":{"0":5,"1":5,"2":0,"3":5,"4":0,"5":5},"f":{"0":5,"1":0,"2":0},"b":{}}
,"/Users/teco/Desktop/CODING/Projects/sharingan/packages/domain/src/folders/utils/folders.ts": {"path":"/Users/teco/Desktop/CODING/Projects/sharingan/packages/domain/src/folders/utils/folders.ts","statementMap":{"0":{"start":{"line":3,"column":37},"end":{"line":5,"column":1}},"1":{"start":{"line":4,"column":2},"end":{"line":4,"column":61}},"2":{"start":{"line":4,"column":35},"end":{"line":4,"column":60}},"3":{"start":{"line":3,"column":13},"end":{"line":3,"column":37}},"4":{"start":{"line":7,"column":36},"end":{"line":9,"column":1}},"5":{"start":{"line":8,"column":2},"end":{"line":8,"column":60}},"6":{"start":{"line":8,"column":34},"end":{"line":8,"column":59}},"7":{"start":{"line":7,"column":13},"end":{"line":7,"column":36}}},"fnMap":{"0":{"name":"(anonymous_0)","decl":{"start":{"line":3,"column":37},"end":{"line":3,"column":38}},"loc":{"start":{"line":3,"column":71},"end":{"line":5,"column":1}}},"1":{"name":"(anonymous_1)","decl":{"start":{"line":4,"column":23},"end":{"line":4,"column":24}},"loc":{"start":{"line":4,"column":30},"end":{"line":4,"column":41}}},"2":{"name":"(anonymous_2)","decl":{"start":{"line":7,"column":36},"end":{"line":7,"column":37}},"loc":{"start":{"line":7,"column":54},"end":{"line":9,"column":1}}},"3":{"name":"(anonymous_3)","decl":{"start":{"line":8,"column":22},"end":{"line":8,"column":23}},"loc":{"start":{"line":8,"column":29},"end":{"line":8,"column":40}}}},"branchMap":{},"s":{"0":5,"1":0,"2":0,"3":5,"4":5,"5":0,"6":0,"7":5},"f":{"0":0,"1":0,"2":0,"3":0},"b":{}}
,"/Users/teco/Desktop/CODING/Projects/sharingan/packages/domain/src/newsletters/newsletter.service.ts": {"path":"/Users/teco/Desktop/CODING/Projects/sharingan/packages/domain/src/newsletters/newsletter.service.ts","statementMap":{"0":{"start":{"line":1,"column":0},"end":{"line":1,"column":58}},"1":{"start":{"line":2,"column":0},"end":{"line":2,"column":45}},"2":{"start":{"line":6,"column":0},"end":{"line":6,"column":null}},"3":{"start":{"line":7,"column":10},"end":{"line":7,"column":53}},"4":{"start":{"line":12,"column":4},"end":{"line":12,"column":47}},"5":{"start":{"line":13,"column":4},"end":{"line":13,"column":47}},"6":{"start":{"line":15,"column":4},"end":{"line":15,"column":22}},"7":{"start":{"line":18,"column":8},"end":{"line":30,"column":null}},"8":{"start":{"line":19,"column":10},"end":{"line":22,"column":6}},"9":{"start":{"line":25,"column":6},"end":{"line":25,"column":93}},"10":{"start":{"line":28,"column":6},"end":{"line":28,"column":75}},"11":{"start":{"line":32,"column":10},"end":{"line":40,"column":null}},"12":{"start":{"line":33,"column":4},"end":{"line":35,"column":7}},"13":{"start":{"line":37,"column":4},"end":{"line":37,"column":75}},"14":{"start":{"line":38,"column":4},"end":{"line":38,"column":81}},"15":{"start":{"line":39,"column":4},"end":{"line":39,"column":45}},"16":{"start":{"line":41,"column":0},"end":{"line":41,"column":null}}},"fnMap":{"0":{"name":"(anonymous_0)","decl":{"start":{"line":6,"column":0},"end":{"line":6,"column":null}},"loc":{"start":{"line":6,"column":0},"end":{"line":41,"column":null}}},"1":{"name":"NewsletterService","decl":{"start":{"line":11,"column":2},"end":{"line":11,"column":null}},"loc":{"start":{"line":11,"column":2},"end":{"line":16,"column":3}}},"2":{"name":"(anonymous_2)","decl":{"start":{"line":18,"column":2},"end":{"line":18,"column":8}},"loc":{"start":{"line":18,"column":31},"end":{"line":30,"column":null}}},"3":{"name":"(anonymous_5)","decl":{"start":{"line":32,"column":2},"end":{"line":32,"column":10}},"loc":{"start":{"line":32,"column":2},"end":{"line":40,"column":3}}}},"branchMap":{},"s":{"0":5,"1":5,"2":5,"3":5,"4":5,"5":5,"6":5,"7":5,"8":0,"9":0,"10":0,"11":5,"12":5,"13":5,"14":5,"15":5,"16":5},"f":{"0":5,"1":5,"2":0,"3":5},"b":{}}
,"/Users/teco/Desktop/CODING/Projects/sharingan/packages/domain/src/roles/role.service.ts": {"path":"/Users/teco/Desktop/CODING/Projects/sharingan/packages/domain/src/roles/role.service.ts","statementMap":{"0":{"start":{"line":3,"column":0},"end":{"line":3,"column":51}},"1":{"start":{"line":5,"column":0},"end":{"line":5,"column":null}},"2":{"start":{"line":6,"column":22},"end":{"line":6,"column":61}},"3":{"start":{"line":8,"column":8},"end":{"line":10,"column":null}},"4":{"start":{"line":9,"column":4},"end":{"line":9,"column":62}},"5":{"start":{"line":12,"column":8},"end":{"line":31,"column":null}},"6":{"start":{"line":13,"column":10},"end":{"line":17,"column":7}},"7":{"start":{"line":18,"column":10},"end":{"line":18,"column":108}},"8":{"start":{"line":20,"column":10},"end":{"line":28,"column":7}},"9":{"start":{"line":20,"column":67},"end":{"line":28,"column":6}},"10":{"start":{"line":21,"column":19},"end":{"line":21,"column":null}},"11":{"start":{"line":21,"column":12},"end":{"line":21,"column":null}},"12":{"start":{"line":23,"column":6},"end":{"line":25,"column":null}},"13":{"start":{"line":24,"column":8},"end":{"line":24,"column":36}},"14":{"start":{"line":27,"column":6},"end":{"line":27,"column":18}},"15":{"start":{"line":30,"column":4},"end":{"line":30,"column":32}},"16":{"start":{"line":33,"column":8},"end":{"line":35,"column":null}},"17":{"start":{"line":34,"column":4},"end":{"line":34,"column":48}},"18":{"start":{"line":37,"column":8},"end":{"line":39,"column":null}},"19":{"start":{"line":38,"column":4},"end":{"line":38,"column":44}},"20":{"start":{"line":41,"column":8},"end":{"line":43,"column":null}},"21":{"start":{"line":42,"column":4},"end":{"line":42,"column":41}},"22":{"start":{"line":45,"column":8},"end":{"line":49,"column":null}},"23":{"start":{"line":46,"column":10},"end":{"line":46,"column":69}},"24":{"start":{"line":46,"column":37},"end":{"line":46,"column":68}},"25":{"start":{"line":48,"column":4},"end":{"line":48,"column":32}},"26":{"start":{"line":50,"column":0},"end":{"line":50,"column":null}}},"fnMap":{"0":{"name":"(anonymous_0)","decl":{"start":{"line":5,"column":0},"end":{"line":5,"column":null}},"loc":{"start":{"line":5,"column":0},"end":{"line":50,"column":null}}},"1":{"name":"RoleService","decl":{"start":{"line":6,"column":2},"end":{"line":6,"column":22}},"loc":{"start":{"line":6,"column":61},"end":{"line":6,"column":65}}},"2":{"name":"(anonymous_2)","decl":{"start":{"line":8,"column":2},"end":{"line":8,"column":8}},"loc":{"start":{"line":8,"column":43},"end":{"line":10,"column":null}}},"3":{"name":"(anonymous_5)","decl":{"start":{"line":12,"column":2},"end":{"line":12,"column":8}},"loc":{"start":{"line":12,"column":2},"end":{"line":31,"column":null}}},"4":{"name":"(anonymous_8)","decl":{"start":{"line":20,"column":53},"end":{"line":20,"column":60}},"loc":{"start":{"line":20,"column":67},"end":{"line":28,"column":6}}},"5":{"name":"(anonymous_9)","decl":{"start":{"line":20,"column":67},"end":{"line":20,"column":null}},"loc":{"start":{"line":20,"column":67},"end":{"line":28,"column":6}}},"6":{"name":"(anonymous_11)","decl":{"start":{"line":33,"column":2},"end":{"line":33,"column":8}},"loc":{"start":{"line":33,"column":33},"end":{"line":35,"column":null}}},"7":{"name":"(anonymous_14)","decl":{"start":{"line":37,"column":2},"end":{"line":37,"column":8}},"loc":{"start":{"line":37,"column":27},"end":{"line":39,"column":null}}},"8":{"name":"(anonymous_17)","decl":{"start":{"line":41,"column":2},"end":{"line":41,"column":8}},"loc":{"start":{"line":41,"column":2},"end":{"line":43,"column":null}}},"9":{"name":"(anonymous_20)","decl":{"start":{"line":45,"column":2},"end":{"line":45,"column":8}},"loc":{"start":{"line":45,"column":32},"end":{"line":49,"column":null}}},"10":{"name":"(anonymous_23)","decl":{"start":{"line":46,"column":29},"end":{"line":46,"column":30}},"loc":{"start":{"line":46,"column":32},"end":{"line":46,"column":41}}}},"branchMap":{"0":{"loc":{"start":{"line":21,"column":19},"end":{"line":21,"column":null}},"type":"switch","locations":[{"start":{"line":21,"column":19},"end":{"line":21,"column":null}}]},"1":{"loc":{"start":{"line":23,"column":6},"end":{"line":25,"column":null}},"type":"if","locations":[{"start":{"line":23,"column":6},"end":{"line":25,"column":null}}]}},"s":{"0":5,"1":5,"2":5,"3":5,"4":4,"5":5,"6":2,"7":2,"8":2,"9":4,"10":4,"11":4,"12":4,"13":4,"14":0,"15":4,"16":5,"17":0,"18":5,"19":0,"20":5,"21":3,"22":5,"23":2,"24":4,"25":4,"26":5},"f":{"0":5,"1":5,"2":4,"3":2,"4":4,"5":4,"6":0,"7":0,"8":3,"9":2,"10":4},"b":{"0":[4],"1":[4]}}
,"/Users/teco/Desktop/CODING/Projects/sharingan/packages/domain/src/roles/dtos/create-role-dto.ts": {"path":"/Users/teco/Desktop/CODING/Projects/sharingan/packages/domain/src/roles/dtos/create-role-dto.ts","statementMap":{"0":{"start":{"line":1,"column":0},"end":{"line":1,"column":59}},"1":{"start":{"line":9,"column":0},"end":{"line":9,"column":null}},"2":{"start":{"line":10,"column":22},"end":{"line":10,"column":35}},"3":{"start":{"line":12,"column":2},"end":{"line":14,"column":null}},"4":{"start":{"line":13,"column":4},"end":{"line":13,"column":28}},"5":{"start":{"line":16,"column":2},"end":{"line":18,"column":null}},"6":{"start":{"line":17,"column":4},"end":{"line":17,"column":29}},"7":{"start":{"line":20,"column":2},"end":{"line":22,"column":null}},"8":{"start":{"line":21,"column":4},"end":{"line":21,"column":35}},"9":{"start":{"line":24,"column":2},"end":{"line":33,"column":null}},"10":{"start":{"line":25,"column":4},"end":{"line":32,"column":6}},"11":{"start":{"line":34,"column":0},"end":{"line":34,"column":null}}},"fnMap":{"0":{"name":"(anonymous_0)","decl":{"start":{"line":9,"column":0},"end":{"line":9,"column":null}},"loc":{"start":{"line":9,"column":0},"end":{"line":34,"column":null}}},"1":{"name":"CreateRoleDto","decl":{"start":{"line":10,"column":2},"end":{"line":10,"column":22}},"loc":{"start":{"line":10,"column":35},"end":{"line":10,"column":39}}},"2":{"name":"(anonymous_2)","decl":{"start":{"line":12,"column":2},"end":{"line":12,"column":6}},"loc":{"start":{"line":12,"column":2},"end":{"line":14,"column":3}}},"3":{"name":"(anonymous_3)","decl":{"start":{"line":16,"column":2},"end":{"line":16,"column":6}},"loc":{"start":{"line":16,"column":2},"end":{"line":18,"column":3}}},"4":{"name":"(anonymous_4)","decl":{"start":{"line":20,"column":2},"end":{"line":20,"column":6}},"loc":{"start":{"line":20,"column":2},"end":{"line":22,"column":3}}},"5":{"name":"(anonymous_5)","decl":{"start":{"line":24,"column":2},"end":{"line":24,"column":8}},"loc":{"start":{"line":24,"column":2},"end":{"line":33,"column":3}}}},"branchMap":{},"s":{"0":5,"1":5,"2":5,"3":5,"4":4,"5":5,"6":0,"7":5,"8":0,"9":5,"10":5,"11":5},"f":{"0":5,"1":5,"2":4,"3":0,"4":0,"5":5},"b":{}}
,"/Users/teco/Desktop/CODING/Projects/sharingan/packages/domain/src/snippets/snippet.service.ts": {"path":"/Users/teco/Desktop/CODING/Projects/sharingan/packages/domain/src/snippets/snippet.service.ts","statementMap":{"0":{"start":{"line":2,"column":0},"end":{"line":2,"column":58}},"1":{"start":{"line":6,"column":0},"end":{"line":6,"column":null}},"2":{"start":{"line":7,"column":22},"end":{"line":7,"column":68}},"3":{"start":{"line":9,"column":8},"end":{"line":17,"column":null}},"4":{"start":{"line":10,"column":27},"end":{"line":10,"column":null}},"5":{"start":{"line":10,"column":10},"end":{"line":10,"column":null}},"6":{"start":{"line":12,"column":4},"end":{"line":14,"column":null}},"7":{"start":{"line":13,"column":6},"end":{"line":13,"column":109}},"8":{"start":{"line":16,"column":4},"end":{"line":16,"column":72}},"9":{"start":{"line":19,"column":8},"end":{"line":21,"column":null}},"10":{"start":{"line":20,"column":4},"end":{"line":20,"column":48}},"11":{"start":{"line":23,"column":8},"end":{"line":25,"column":null}},"12":{"start":{"line":24,"column":4},"end":{"line":24,"column":54}},"13":{"start":{"line":27,"column":8},"end":{"line":29,"column":null}},"14":{"start":{"line":28,"column":4},"end":{"line":28,"column":58}},"15":{"start":{"line":31,"column":8},"end":{"line":33,"column":null}},"16":{"start":{"line":32,"column":4},"end":{"line":32,"column":62}},"17":{"start":{"line":35,"column":8},"end":{"line":37,"column":null}},"18":{"start":{"line":36,"column":4},"end":{"line":36,"column":45}},"19":{"start":{"line":39,"column":8},"end":{"line":43,"column":null}},"20":{"start":{"line":40,"column":21},"end":{"line":40,"column":null}},"21":{"start":{"line":40,"column":10},"end":{"line":40,"column":null}},"22":{"start":{"line":42,"column":4},"end":{"line":42,"column":89}},"23":{"start":{"line":42,"column":32},"end":{"line":42,"column":34}},"24":{"start":{"line":42,"column":39},"end":{"line":42,"column":88}},"25":{"start":{"line":44,"column":0},"end":{"line":44,"column":null}}},"fnMap":{"0":{"name":"(anonymous_0)","decl":{"start":{"line":6,"column":0},"end":{"line":6,"column":null}},"loc":{"start":{"line":6,"column":0},"end":{"line":44,"column":null}}},"1":{"name":"SnippetService","decl":{"start":{"line":7,"column":2},"end":{"line":7,"column":22}},"loc":{"start":{"line":7,"column":68},"end":{"line":7,"column":72}}},"2":{"name":"(anonymous_2)","decl":{"start":{"line":9,"column":2},"end":{"line":9,"column":8}},"loc":{"start":{"line":9,"column":49},"end":{"line":17,"column":null}}},"3":{"name":"(anonymous_5)","decl":{"start":{"line":19,"column":2},"end":{"line":19,"column":8}},"loc":{"start":{"line":19,"column":27},"end":{"line":21,"column":null}}},"4":{"name":"(anonymous_8)","decl":{"start":{"line":23,"column":2},"end":{"line":23,"column":8}},"loc":{"start":{"line":23,"column":33},"end":{"line":25,"column":null}}},"5":{"name":"(anonymous_11)","decl":{"start":{"line":27,"column":2},"end":{"line":27,"column":8}},"loc":{"start":{"line":27,"column":37},"end":{"line":29,"column":null}}},"6":{"name":"(anonymous_14)","decl":{"start":{"line":31,"column":2},"end":{"line":31,"column":8}},"loc":{"start":{"line":31,"column":2},"end":{"line":33,"column":null}}},"7":{"name":"(anonymous_17)","decl":{"start":{"line":35,"column":2},"end":{"line":35,"column":8}},"loc":{"start":{"line":35,"column":25},"end":{"line":37,"column":null}}},"8":{"name":"(anonymous_20)","decl":{"start":{"line":39,"column":2},"end":{"line":39,"column":8}},"loc":{"start":{"line":39,"column":68},"end":{"line":43,"column":null}}},"9":{"name":"(anonymous_23)","decl":{"start":{"line":42,"column":25},"end":{"line":42,"column":26}},"loc":{"start":{"line":42,"column":34},"end":{"line":42,"column":43}}}},"branchMap":{"0":{"loc":{"start":{"line":10,"column":27},"end":{"line":10,"column":null}},"type":"switch","locations":[{"start":{"line":10,"column":27},"end":{"line":10,"column":null}}]},"1":{"loc":{"start":{"line":12,"column":4},"end":{"line":14,"column":null}},"type":"if","locations":[{"start":{"line":12,"column":4},"end":{"line":14,"column":null}}]},"2":{"loc":{"start":{"line":36,"column":4},"end":{"line":36,"column":45}},"type":"switch","locations":[{"start":{"line":36,"column":4},"end":{"line":36,"column":45}}]},"3":{"loc":{"start":{"line":40,"column":21},"end":{"line":40,"column":null}},"type":"switch","locations":[{"start":{"line":40,"column":21},"end":{"line":40,"column":null}}]}},"s":{"0":5,"1":5,"2":5,"3":5,"4":0,"5":0,"6":0,"7":0,"8":0,"9":5,"10":0,"11":5,"12":0,"13":5,"14":0,"15":5,"16":0,"17":5,"18":0,"19":5,"20":0,"21":0,"22":0,"23":0,"24":0,"25":5},"f":{"0":5,"1":5,"2":0,"3":0,"4":0,"5":0,"6":0,"7":0,"8":0,"9":0},"b":{"0":[0],"1":[0],"2":[0],"3":[0]}}
,"/Users/teco/Desktop/CODING/Projects/sharingan/packages/domain/src/snippets/dtos/create-snippet-dto.ts": {"path":"/Users/teco/Desktop/CODING/Projects/sharingan/packages/domain/src/snippets/dtos/create-snippet-dto.ts","statementMap":{"0":{"start":{"line":1,"column":0},"end":{"line":1,"column":71}},"1":{"start":{"line":13,"column":0},"end":{"line":13,"column":null}},"2":{"start":{"line":14,"column":22},"end":{"line":14,"column":35}},"3":{"start":{"line":16,"column":2},"end":{"line":18,"column":null}},"4":{"start":{"line":17,"column":4},"end":{"line":17,"column":32}},"5":{"start":{"line":20,"column":2},"end":{"line":22,"column":null}},"6":{"start":{"line":21,"column":4},"end":{"line":21,"column":28}},"7":{"start":{"line":24,"column":2},"end":{"line":38,"column":null}},"8":{"start":{"line":25,"column":4},"end":{"line":37,"column":6}},"9":{"start":{"line":40,"column":10},"end":{"line":42,"column":null}},"10":{"start":{"line":41,"column":4},"end":{"line":41,"column":38}},"11":{"start":{"line":43,"column":0},"end":{"line":43,"column":null}}},"fnMap":{"0":{"name":"(anonymous_0)","decl":{"start":{"line":13,"column":0},"end":{"line":13,"column":null}},"loc":{"start":{"line":13,"column":0},"end":{"line":43,"column":null}}},"1":{"name":"CreateSnippetDto","decl":{"start":{"line":14,"column":2},"end":{"line":14,"column":22}},"loc":{"start":{"line":14,"column":35},"end":{"line":14,"column":39}}},"2":{"name":"(anonymous_2)","decl":{"start":{"line":16,"column":2},"end":{"line":16,"column":6}},"loc":{"start":{"line":16,"column":2},"end":{"line":18,"column":3}}},"3":{"name":"(anonymous_3)","decl":{"start":{"line":20,"column":2},"end":{"line":20,"column":6}},"loc":{"start":{"line":20,"column":2},"end":{"line":22,"column":3}}},"4":{"name":"(anonymous_4)","decl":{"start":{"line":24,"column":2},"end":{"line":24,"column":11}},"loc":{"start":{"line":24,"column":2},"end":{"line":38,"column":3}}},"5":{"name":"(anonymous_5)","decl":{"start":{"line":40,"column":2},"end":{"line":40,"column":10}},"loc":{"start":{"line":40,"column":2},"end":{"line":42,"column":3}}}},"branchMap":{},"s":{"0":5,"1":5,"2":0,"3":5,"4":0,"5":5,"6":0,"7":5,"8":0,"9":5,"10":0,"11":5},"f":{"0":5,"1":0,"2":0,"3":0,"4":0,"5":0},"b":{}}
,"/Users/teco/Desktop/CODING/Projects/sharingan/packages/domain/src/users/user.service.ts": {"path":"/Users/teco/Desktop/CODING/Projects/sharingan/packages/domain/src/users/user.service.ts","statementMap":{"0":{"start":{"line":3,"column":0},"end":{"line":3,"column":51}},"1":{"start":{"line":6,"column":0},"end":{"line":6,"column":null}},"2":{"start":{"line":7,"column":22},"end":{"line":7,"column":62}},"3":{"start":{"line":9,"column":8},"end":{"line":11,"column":null}},"4":{"start":{"line":10,"column":4},"end":{"line":10,"column":63}},"5":{"start":{"line":13,"column":8},"end":{"line":15,"column":null}},"6":{"start":{"line":14,"column":4},"end":{"line":14,"column":67}},"7":{"start":{"line":17,"column":8},"end":{"line":37,"column":null}},"8":{"start":{"line":18,"column":10},"end":{"line":26,"column":7}},"9":{"start":{"line":28,"column":4},"end":{"line":28,"column":34}},"10":{"start":{"line":30,"column":22},"end":{"line":30,"column":null}},"11":{"start":{"line":30,"column":10},"end":{"line":30,"column":null}},"12":{"start":{"line":32,"column":4},"end":{"line":34,"column":null}},"13":{"start":{"line":33,"column":6},"end":{"line":33,"column":13}},"14":{"start":{"line":36,"column":4},"end":{"line":36,"column":61}},"15":{"start":{"line":39,"column":8},"end":{"line":41,"column":null}},"16":{"start":{"line":40,"column":4},"end":{"line":40,"column":51}},"17":{"start":{"line":43,"column":8},"end":{"line":45,"column":null}},"18":{"start":{"line":44,"column":4},"end":{"line":44,"column":42}},"19":{"start":{"line":47,"column":8},"end":{"line":51,"column":null}},"20":{"start":{"line":48,"column":10},"end":{"line":48,"column":70}},"21":{"start":{"line":48,"column":37},"end":{"line":48,"column":69}},"22":{"start":{"line":50,"column":4},"end":{"line":50,"column":32}},"23":{"start":{"line":53,"column":8},"end":{"line":55,"column":null}},"24":{"start":{"line":54,"column":4},"end":{"line":54,"column":45}},"25":{"start":{"line":56,"column":0},"end":{"line":56,"column":null}}},"fnMap":{"0":{"name":"(anonymous_0)","decl":{"start":{"line":6,"column":0},"end":{"line":6,"column":null}},"loc":{"start":{"line":6,"column":0},"end":{"line":56,"column":null}}},"1":{"name":"UserService","decl":{"start":{"line":7,"column":2},"end":{"line":7,"column":22}},"loc":{"start":{"line":7,"column":62},"end":{"line":7,"column":66}}},"2":{"name":"(anonymous_2)","decl":{"start":{"line":9,"column":2},"end":{"line":9,"column":8}},"loc":{"start":{"line":9,"column":43},"end":{"line":11,"column":null}}},"3":{"name":"(anonymous_5)","decl":{"start":{"line":13,"column":2},"end":{"line":13,"column":8}},"loc":{"start":{"line":13,"column":55},"end":{"line":15,"column":null}}},"4":{"name":"(anonymous_8)","decl":{"start":{"line":17,"column":2},"end":{"line":17,"column":8}},"loc":{"start":{"line":17,"column":33},"end":{"line":37,"column":null}}},"5":{"name":"(anonymous_11)","decl":{"start":{"line":39,"column":2},"end":{"line":39,"column":8}},"loc":{"start":{"line":39,"column":33},"end":{"line":41,"column":null}}},"6":{"name":"(anonymous_14)","decl":{"start":{"line":43,"column":2},"end":{"line":43,"column":8}},"loc":{"start":{"line":43,"column":2},"end":{"line":45,"column":null}}},"7":{"name":"(anonymous_17)","decl":{"start":{"line":47,"column":2},"end":{"line":47,"column":8}},"loc":{"start":{"line":47,"column":32},"end":{"line":51,"column":null}}},"8":{"name":"(anonymous_20)","decl":{"start":{"line":48,"column":29},"end":{"line":48,"column":30}},"loc":{"start":{"line":48,"column":32},"end":{"line":48,"column":41}}},"9":{"name":"(anonymous_21)","decl":{"start":{"line":53,"column":2},"end":{"line":53,"column":8}},"loc":{"start":{"line":53,"column":27},"end":{"line":55,"column":null}}}},"branchMap":{"0":{"loc":{"start":{"line":32,"column":4},"end":{"line":34,"column":null}},"type":"if","locations":[{"start":{"line":32,"column":4},"end":{"line":34,"column":null}}]}},"s":{"0":5,"1":5,"2":5,"3":5,"4":0,"5":5,"6":0,"7":5,"8":1,"9":1,"10":1,"11":1,"12":1,"13":0,"14":2,"15":5,"16":1,"17":5,"18":1,"19":5,"20":1,"21":1,"22":2,"23":5,"24":0,"25":5},"f":{"0":5,"1":5,"2":0,"3":0,"4":1,"5":1,"6":1,"7":1,"8":1,"9":0},"b":{"0":[0]}}
,"/Users/teco/Desktop/CODING/Projects/sharingan/packages/domain/src/users/dtos/create-user-dto.ts": {"path":"/Users/teco/Desktop/CODING/Projects/sharingan/packages/domain/src/users/dtos/create-user-dto.ts","statementMap":{"0":{"start":{"line":1,"column":0},"end":{"line":1,"column":64}},"1":{"start":{"line":13,"column":0},"end":{"line":13,"column":null}},"2":{"start":{"line":16,"column":22},"end":{"line":16,"column":35}},"3":{"start":{"line":14,"column":10},"end":{"line":14,"column":26}},"4":{"start":{"line":18,"column":2},"end":{"line":20,"column":null}},"5":{"start":{"line":19,"column":4},"end":{"line":19,"column":29}},"6":{"start":{"line":22,"column":2},"end":{"line":24,"column":null}},"7":{"start":{"line":23,"column":4},"end":{"line":23,"column":25}},"8":{"start":{"line":26,"column":2},"end":{"line":40,"column":null}},"9":{"start":{"line":27,"column":4},"end":{"line":39,"column":6}},"10":{"start":{"line":41,"column":0},"end":{"line":41,"column":null}}},"fnMap":{"0":{"name":"(anonymous_0)","decl":{"start":{"line":13,"column":0},"end":{"line":13,"column":null}},"loc":{"start":{"line":13,"column":0},"end":{"line":41,"column":null}}},"1":{"name":"CreateUserDto","decl":{"start":{"line":16,"column":2},"end":{"line":16,"column":22}},"loc":{"start":{"line":16,"column":35},"end":{"line":16,"column":39}}},"2":{"name":"(anonymous_2)","decl":{"start":{"line":18,"column":2},"end":{"line":18,"column":6}},"loc":{"start":{"line":18,"column":2},"end":{"line":20,"column":3}}},"3":{"name":"(anonymous_3)","decl":{"start":{"line":22,"column":2},"end":{"line":22,"column":6}},"loc":{"start":{"line":22,"column":30},"end":{"line":24,"column":3}}},"4":{"name":"(anonymous_4)","decl":{"start":{"line":26,"column":2},"end":{"line":26,"column":8}},"loc":{"start":{"line":26,"column":2},"end":{"line":40,"column":3}}}},"branchMap":{},"s":{"0":5,"1":5,"2":2,"3":2,"4":5,"5":1,"6":5,"7":1,"8":5,"9":2,"10":5},"f":{"0":5,"1":2,"2":1,"3":1,"4":2},"b":{}}
,"/Users/teco/Desktop/CODING/Projects/sharingan/packages/domain/src/users/dtos/update-user-dto.ts": {"path":"/Users/teco/Desktop/CODING/Projects/sharingan/packages/domain/src/users/dtos/update-user-dto.ts","statementMap":{"0":{"start":{"line":1,"column":0},"end":{"line":1,"column":64}},"1":{"start":{"line":13,"column":0},"end":{"line":13,"column":null}},"2":{"start":{"line":16,"column":22},"end":{"line":16,"column":35}},"3":{"start":{"line":14,"column":10},"end":{"line":14,"column":26}},"4":{"start":{"line":18,"column":2},"end":{"line":20,"column":null}},"5":{"start":{"line":19,"column":4},"end":{"line":19,"column":29}},"6":{"start":{"line":22,"column":2},"end":{"line":24,"column":null}},"7":{"start":{"line":23,"column":4},"end":{"line":23,"column":25}},"8":{"start":{"line":26,"column":2},"end":{"line":40,"column":null}},"9":{"start":{"line":27,"column":4},"end":{"line":39,"column":6}},"10":{"start":{"line":41,"column":0},"end":{"line":41,"column":null}}},"fnMap":{"0":{"name":"(anonymous_0)","decl":{"start":{"line":13,"column":0},"end":{"line":13,"column":null}},"loc":{"start":{"line":13,"column":0},"end":{"line":41,"column":null}}},"1":{"name":"UpdateUserDto","decl":{"start":{"line":16,"column":2},"end":{"line":16,"column":22}},"loc":{"start":{"line":16,"column":35},"end":{"line":16,"column":39}}},"2":{"name":"(anonymous_2)","decl":{"start":{"line":18,"column":2},"end":{"line":18,"column":6}},"loc":{"start":{"line":18,"column":2},"end":{"line":20,"column":3}}},"3":{"name":"(anonymous_3)","decl":{"start":{"line":22,"column":2},"end":{"line":22,"column":6}},"loc":{"start":{"line":22,"column":30},"end":{"line":24,"column":3}}},"4":{"name":"(anonymous_4)","decl":{"start":{"line":26,"column":2},"end":{"line":26,"column":8}},"loc":{"start":{"line":26,"column":2},"end":{"line":40,"column":3}}}},"branchMap":{},"s":{"0":5,"1":5,"2":0,"3":0,"4":5,"5":0,"6":5,"7":0,"8":5,"9":0,"10":5},"f":{"0":5,"1":0,"2":0,"3":0,"4":0},"b":{}}
}
