TN:
SF:src/folders/folder.service.ts
FN:8,(anonymous_0)
FN:9,FolderService
FN:11,(anonymous_2)
FN:15,(anonymous_5)
FN:29,(anonymous_8)
FN:33,(anonymous_11)
FN:37,(anonymous_14)
FN:40,(anonymous_17)
FN:45,(anonymous_18)
FN:59,(anonymous_21)
FN:75,(anonymous_24)
FN:82,(anonymous_27)
FNF:12
FNH:2
FNDA:5,(anonymous_0)
FNDA:5,FolderService
FNDA:0,(anonymous_2)
FNDA:0,(anonymous_5)
FNDA:0,(anonymous_8)
FNDA:0,(anonymous_11)
FNDA:0,(anonymous_14)
FNDA:0,(anonymous_17)
FNDA:0,(anonymous_18)
FNDA:0,(anonymous_21)
FNDA:0,(anonymous_24)
FNDA:0,(anonymous_27)
DA:2,5
DA:6,5
DA:8,5
DA:9,5
DA:11,5
DA:12,0
DA:15,5
DA:16,0
DA:22,0
DA:23,0
DA:26,0
DA:29,5
DA:30,0
DA:33,5
DA:34,0
DA:37,5
DA:38,0
DA:40,0
DA:42,0
DA:45,5
DA:46,0
DA:47,0
DA:50,0
DA:52,0
DA:53,0
DA:56,0
DA:59,5
DA:60,0
DA:62,0
DA:63,0
DA:66,0
DA:67,0
DA:72,0
DA:75,5
DA:80,0
DA:82,0
DA:84,5
LF:37
LH:13
BRDA:12,0,0,0
BRDA:16,1,0,0
BRDA:22,2,0,0
BRDA:38,3,0,0
BRDA:42,4,0,0
BRDA:42,4,1,0
BRDA:42,5,0,0
BRDA:42,5,1,0
BRDA:46,6,0,0
BRDA:52,7,0,0
BRDA:60,8,0,0
BRDA:62,9,0,0
BRDA:66,10,0,0
BRDA:80,11,0,0
BRF:14
BRH:0
end_of_record
TN:
SF:src/folders/dtos/create-folder-dto.ts
FN:9,(anonymous_0)
FN:10,CreateFolderDto
FN:12,(anonymous_2)
FN:16,(anonymous_3)
FN:20,(anonymous_4)
FN:24,(anonymous_5)
FNF:6
FNH:3
FNDA:5,(anonymous_0)
FNDA:1,CreateFolderDto
FNDA:0,(anonymous_2)
FNDA:0,(anonymous_3)
FNDA:0,(anonymous_4)
FNDA:1,(anonymous_5)
DA:1,5
DA:9,5
DA:10,1
DA:12,5
DA:13,0
DA:16,5
DA:17,0
DA:20,5
DA:21,0
DA:24,5
DA:25,1
DA:35,5
LF:12
LH:9
BRF:0
BRH:0
end_of_record
TN:
SF:src/folders/dtos/create-user-root-folder-dto.ts
FN:3,(anonymous_0)
FN:4,CreateUserRootFolderDto
FN:6,(anonymous_2)
FNF:3
FNH:1
FNDA:5,(anonymous_0)
FNDA:0,CreateUserRootFolderDto
FNDA:0,(anonymous_2)
DA:1,5
DA:3,5
DA:4,0
DA:6,5
DA:7,0
DA:17,5
LF:6
LH:4
BRF:0
BRH:0
end_of_record
TN:
SF:src/folders/utils/folders.ts
FN:3,(anonymous_0)
FN:4,(anonymous_1)
FN:7,(anonymous_2)
FN:8,(anonymous_3)
FNF:4
FNH:0
FNDA:0,(anonymous_0)
FNDA:0,(anonymous_1)
FNDA:0,(anonymous_2)
FNDA:0,(anonymous_3)
DA:3,5
DA:4,0
DA:7,5
DA:8,0
LF:4
LH:2
BRF:0
BRH:0
end_of_record
TN:
SF:src/newsletters/newsletter.service.ts
FN:6,(anonymous_0)
FN:11,NewsletterService
FN:18,(anonymous_2)
FN:32,(anonymous_5)
FNF:4
FNH:3
FNDA:5,(anonymous_0)
FNDA:5,NewsletterService
FNDA:0,(anonymous_2)
FNDA:5,(anonymous_5)
DA:1,5
DA:2,5
DA:6,5
DA:7,5
DA:12,5
DA:13,5
DA:15,5
DA:18,5
DA:19,0
DA:25,0
DA:28,0
DA:32,5
DA:33,5
DA:37,5
DA:38,5
DA:39,5
DA:41,5
LF:17
LH:14
BRF:0
BRH:0
end_of_record
TN:
SF:src/roles/role.service.ts
FN:5,(anonymous_0)
FN:6,RoleService
FN:8,(anonymous_2)
FN:12,(anonymous_5)
FN:20,(anonymous_8)
FN:20,(anonymous_9)
FN:33,(anonymous_11)
FN:37,(anonymous_14)
FN:41,(anonymous_17)
FN:45,(anonymous_20)
FN:46,(anonymous_23)
FNF:11
FNH:9
FNDA:5,(anonymous_0)
FNDA:5,RoleService
FNDA:4,(anonymous_2)
FNDA:2,(anonymous_5)
FNDA:4,(anonymous_8)
FNDA:4,(anonymous_9)
FNDA:0,(anonymous_11)
FNDA:0,(anonymous_14)
FNDA:3,(anonymous_17)
FNDA:2,(anonymous_20)
FNDA:4,(anonymous_23)
DA:3,5
DA:5,5
DA:6,5
DA:8,5
DA:9,4
DA:12,5
DA:13,2
DA:18,2
DA:20,4
DA:21,4
DA:23,4
DA:24,4
DA:27,0
DA:30,4
DA:33,5
DA:34,0
DA:37,5
DA:38,0
DA:41,5
DA:42,3
DA:45,5
DA:46,4
DA:48,4
DA:50,5
LF:24
LH:21
BRDA:21,0,0,4
BRDA:23,1,0,4
BRF:2
BRH:2
end_of_record
TN:
SF:src/roles/dtos/create-role-dto.ts
FN:9,(anonymous_0)
FN:10,CreateRoleDto
FN:12,(anonymous_2)
FN:16,(anonymous_3)
FN:20,(anonymous_4)
FN:24,(anonymous_5)
FNF:6
FNH:4
FNDA:5,(anonymous_0)
FNDA:5,CreateRoleDto
FNDA:4,(anonymous_2)
FNDA:0,(anonymous_3)
FNDA:0,(anonymous_4)
FNDA:5,(anonymous_5)
DA:1,5
DA:9,5
DA:10,5
DA:12,5
DA:13,4
DA:16,5
DA:17,0
DA:20,5
DA:21,0
DA:24,5
DA:25,5
DA:34,5
LF:12
LH:10
BRF:0
BRH:0
end_of_record
TN:
SF:src/snippets/snippet.service.ts
FN:6,(anonymous_0)
FN:7,SnippetService
FN:9,(anonymous_2)
FN:19,(anonymous_5)
FN:23,(anonymous_8)
FN:27,(anonymous_11)
FN:31,(anonymous_14)
FN:35,(anonymous_17)
FN:39,(anonymous_20)
FN:42,(anonymous_23)
FNF:10
FNH:2
FNDA:5,(anonymous_0)
FNDA:5,SnippetService
FNDA:0,(anonymous_2)
FNDA:0,(anonymous_5)
FNDA:0,(anonymous_8)
FNDA:0,(anonymous_11)
FNDA:0,(anonymous_14)
FNDA:0,(anonymous_17)
FNDA:0,(anonymous_20)
FNDA:0,(anonymous_23)
DA:2,5
DA:6,5
DA:7,5
DA:9,5
DA:10,0
DA:12,0
DA:13,0
DA:16,0
DA:19,5
DA:20,0
DA:23,5
DA:24,0
DA:27,5
DA:28,0
DA:31,5
DA:32,0
DA:35,5
DA:36,0
DA:39,5
DA:40,0
DA:42,0
DA:44,5
LF:22
LH:11
BRDA:10,0,0,0
BRDA:12,1,0,0
BRDA:36,2,0,0
BRDA:40,3,0,0
BRF:4
BRH:0
end_of_record
TN:
SF:src/snippets/dtos/create-snippet-dto.ts
FN:13,(anonymous_0)
FN:14,CreateSnippetDto
FN:16,(anonymous_2)
FN:20,(anonymous_3)
FN:24,(anonymous_4)
FN:40,(anonymous_5)
FNF:6
FNH:1
FNDA:5,(anonymous_0)
FNDA:0,CreateSnippetDto
FNDA:0,(anonymous_2)
FNDA:0,(anonymous_3)
FNDA:0,(anonymous_4)
FNDA:0,(anonymous_5)
DA:1,5
DA:13,5
DA:14,0
DA:16,5
DA:17,0
DA:20,5
DA:21,0
DA:24,5
DA:25,0
DA:40,5
DA:41,0
DA:43,5
LF:12
LH:7
BRF:0
BRH:0
end_of_record
TN:
SF:src/users/user.service.ts
FN:6,(anonymous_0)
FN:7,UserService
FN:9,(anonymous_2)
FN:13,(anonymous_5)
FN:17,(anonymous_8)
FN:39,(anonymous_11)
FN:43,(anonymous_14)
FN:47,(anonymous_17)
FN:48,(anonymous_20)
FN:53,(anonymous_21)
FNF:10
FNH:7
FNDA:5,(anonymous_0)
FNDA:5,UserService
FNDA:0,(anonymous_2)
FNDA:0,(anonymous_5)
FNDA:1,(anonymous_8)
FNDA:1,(anonymous_11)
FNDA:1,(anonymous_14)
FNDA:1,(anonymous_17)
FNDA:1,(anonymous_20)
FNDA:0,(anonymous_21)
DA:3,5
DA:6,5
DA:7,5
DA:9,5
DA:10,0
DA:13,5
DA:14,0
DA:17,5
DA:18,1
DA:28,1
DA:30,1
DA:32,1
DA:33,0
DA:36,2
DA:39,5
DA:40,1
DA:43,5
DA:44,1
DA:47,5
DA:48,1
DA:50,2
DA:53,5
DA:54,0
DA:56,5
LF:24
LH:20
BRDA:32,0,0,0
BRF:1
BRH:0
end_of_record
TN:
SF:src/users/dtos/create-user-dto.ts
FN:13,(anonymous_0)
FN:16,CreateUserDto
FN:18,(anonymous_2)
FN:22,(anonymous_3)
FN:26,(anonymous_4)
FNF:5
FNH:5
FNDA:5,(anonymous_0)
FNDA:2,CreateUserDto
FNDA:1,(anonymous_2)
FNDA:1,(anonymous_3)
FNDA:2,(anonymous_4)
DA:1,5
DA:13,5
DA:14,2
DA:16,2
DA:18,5
DA:19,1
DA:22,5
DA:23,1
DA:26,5
DA:27,2
DA:41,5
LF:11
LH:11
BRF:0
BRH:0
end_of_record
TN:
SF:src/users/dtos/update-user-dto.ts
FN:13,(anonymous_0)
FN:16,UpdateUserDto
FN:18,(anonymous_2)
FN:22,(anonymous_3)
FN:26,(anonymous_4)
FNF:5
FNH:1
FNDA:5,(anonymous_0)
FNDA:0,UpdateUserDto
FNDA:0,(anonymous_2)
FNDA:0,(anonymous_3)
FNDA:0,(anonymous_4)
DA:1,5
DA:13,5
DA:14,0
DA:16,0
DA:18,5
DA:19,0
DA:22,5
DA:23,0
DA:26,5
DA:27,0
DA:41,5
LF:11
LH:6
BRF:0
BRH:0
end_of_record
